[
  62,
  134755646,
  2
][
  62,
  134755646,
  2
][
  8,
  -417920372,
  1,
  1530737807
][
  62,
  267014629,
  2
][
  9,
  -417920372,
  0,
  1530737808
][
  62,
  267014629,
  2
][
  8,
  -475543819,
  4,
  1530737821
][
  62,
  134755646,
  2
][
  62,
  267014629,
  2
][
  62,
  134755646,
  2
][
  9,
  -236668267,
  1,
  1530737561
][
  62,
  267014629,
  2
][
  62,
  267014629,
  2
][
  62,
  267014629,
  2
][
  62,
  134755646,
  2
][
  62,
  267014629,
  2
][
  8,
  -417920372,
  1,
  1530737893
][
  62,
  267014629,
  2
][
  9,
  -417920372,
  0,
  1530737893
][
  9,
  -417920372,
  0,
  1530737927
][
  62,
  267014629,
  2
][
  62,
  267014629,
  2
][
  8,
  -417920372,
  1,
  1530737940
][
  9,
  -417920372,
  0,
  1530737940
][
  8,
  -417920372,
  1,
  1530737956
][
  9,
  -328248337,
  1,
  1530737659
][
  9,
  -417920372,
  0,
  1530737956
][
  62,
  134755646,
  2
][
  8,
  -417920372,
  1,
  1530737962
][
  62,
  134755646,
  2
][
  9,
  -417920372,
  0,
  1530737963
][
  8,
  -328248337,
  7,
  1530737983
][
  8,
  -54263416,
  7,
  1530737982
][
  62,
  134755646,
  2
][
  62,
  267014629,
  2
][
  62,
  267014629,
  2
][
  62,
  267014629,
  2
][
  62,
  134755646,
  2
][
  62,
  267014629,
  2
][
  62,
  267014629,
  2
][
  62,
  134755646,
  2
][
  62,
  134755646,
  2
][
  8,
  -388874445,
  7,
  1530738075
][
  8,
  -417920372,
  1,
  1530738079
][
  62,
  134755646,
  2
][
  8,
  -417920372,
  1,
  1530738102
][
  62,
  134755646,
  2
][
  9,
  -417920372,
  0,
  1530738102
][
  62,
  134755646,
  2
][
  8,
  -417920372,
  1,
  1530738112
][
  62,
  134755646,
  2
][
  9,
  -417920372,
  0,
  1530738112
][
  62,
  267014629,
  2
][
  62,
  134755646,
  2
][
  62,
  134755646,
  2
][
  62,
  267014629,
  2
][
  8,
  -417920372,
  1,
  1530738144
][
  62,
  134755646,
  2
][
  62,
  267014629,
  2
][
  62,
  134755646,
  2
][
  9,
  -417920372,
  0,
  1530738144
][
  8,
  -417920372,
  1,
  1530738155
][
  62,
  267014629,
  2
][
  9,
  -417920372,
  0,
  1530738155
][
  9,
  -417920372,
  0,
  1530738177
][
  8,
  -417920372,
  1,
  1530738201
][
  62,
  211111947,
  2
][
  8,
  -417920372,
  1,
  1530738333
][
  62,
  211111947,
  2
][
  9,
  -417920372,
  0,
  1530738333
][
  62,
  211111947,
  2
][
  62,
  211111947,
  2
][
  8,
  -417920372,
  1,
  1530738348
][
  62,
  211111947,
  2
][
  9,
  -417920372,
  0,
  1530738348
][
  8,
  -417920372,
  1,
  1530738357
][
  62,
  54263416,
  2
][
  9,
  -417920372,
  0,
  1530738357
][
  62,
  438095087,
  2
][
  62,
  438095087,
  2
][
  8,
  -417920372,
  1,
  1530738377
][
  9,
  -417920372,
  0,
  1530738377
][
  62,
  438095087,
  2
][
  62,
  438095087,
  2
][
  8,
  -417920372,
  1,
  1530738394
][
  62,
  438095087,
  2
][
  9,
  -417920372,
  0,
  1530738394
][
  62,
  438095087,
  2
][
  62,
  54263416,
  2
][
  5,
  162611,
  532481,
  2000000002,
  1530738403,
  "ЛЁХА БЛЯДЬ",
  {
    "title": "",
    "from": "438095087"
  }
][
  62,
  54263416,
  2
][
  62,
  54263416,
  2
][
  8,
  -200981069,
  4,
  1530738424
][
  62,
  438095087,
  2
][
  62,
  438095087,
  2
][
  8,
  -417920372,
  1,
  1530738450
][
  9,
  -417920372,
  0,
  1530738451
][
  62,
  54263416,
  3
][
  62,
  54263416,
  3
][
  62,
  54263416,
  3
][
  62,
  54263416,
  3
][
  62,
  54263416,
  3
][
  9,
  -472933923,
  1,
  1530793531
][
  8,
  -472933923,
  1,
  1530793831
][
  9,
  -303429088,
  1,
  1530793541
][
  62,
  54263416,
  3
][
  9,
  -329582092,
  1,
  1530793587
][
  8,
  -329582092,
  2,
  1530793888
][
  8,
  -247013737,
  1,
  1530794324
][
  8,
  -215055129,
  1,
  1530794325
][
  62,
  169965037,
  2
][
  9,
  -247013737,
  0,
  1530794325
][
  62,
  169965037,
  2
][
  62,
  54263416,
  3
][
  62,
  54263416,
  3
][
  8,
  -241010148,
  7,
  1530794450
][
  8,
  -354928735,
  1,
  1530794300
][
  62,
  54263416,
  3
][
  8,
  -54263416,
  7,
  1530794959
][
  62,
  54263416,
  3
][
  9,
  -251875741,
  1,
  1530794982
][
  9,
  -54263416,
  1,
  1530794989
][
  8,
  -357437315,
  7,
  1530795317
][
  8,
  -446673825,
  7,
  1530795321
][
  9,
  -472933923,
  1,
  1530795030
][
  8,
  -472933923,
  1,
  1530795330
][
  8,
  -471472367,
  1,
  1530795345
][
  62,
  54263416,
  2
][
  8,
  -54263416,
  7,
  1530795377
][
  9,
  -251985132,
  1,
  1530795082
][
  9,
  -329582092,
  1,
  1530795091
][
  9,
  -357437315,
  0,
  1530795395
][
  8,
  -329582092,
  2,
  1530795392
][
  9,
  -241010148,
  1,
  1530795108
][
  62,
  487122584,
  9
][
  9,
  -328248337,
  1,
  1530808473
][
  62,
  487122584,
  9
][
  8,
  -328248337,
  7,
  1530808797
][
  62,
  478479060,
  9
][
  62,
  478479060,
  9
][
  62,
  478479060,
  9
][
  62,
  478479060,
  9
][
  62,
  478479060,
  9
][
  62,
  54263416,
  3
][
  62,
  54263416,
  3
][
  62,
  169965037,
  2
][
  62,
  54263416,
  3
][
  62,
  169965037,
  2
][
  62,
  169965037,
  2
][
  62,
  54263416,
  3
][
  62,
  54263416,
  3
][
  62,
  54263416,
  3
][
  62,
  54263416,
  2
][
  8,
  -418769132,
  7,
  1530808929
][
  62,
  54263416,
  2
][
  62,
  54263416,
  2
][
  62,
  54263416,
  2
][
  62,
  54263416,
  2
][
  62,
  54263416,
  2
][
  8,
  -140474210,
  7,
  1530808966
][
  62,
  54263416,
  2
][
  62,
  54263416,
  2
][
  62,
  54263416,
  2
][
  62,
  54263416,
  2
][
  62,
  54263416,
  2
][
  62,
  54263416,
  2
][
  62,
  54263416,
  2
][
  62,
  54263416,
  2
][
  8,
  -220822195,
  7,
  1530809016
][
  62,
  54263416,
  2
][
  9,
  -357437315,
  0,
  1530809054
][
  62,
  54263416,
  2
][
  62,
  487122584,
  9
][
  62,
  433285700,
  9
][
  62,
  478479060,
  9
][
  62,
  478479060,
  9
][
  62,
  478479060,
  9
][
  62,
  487122584,
  9
][
  62,
  54263416,
  3
][
  8,
  -54263416,
  7,
  1530811037
][
  62,
  487122584,
  9
][
  62,
  54263416,
  3
][
  62,
  487122584,
  9
][
  8,
  -445366325,
  1,
  1530811048
][
  62,
  54263416,
  3
][
  9,
  -445366325,
  0,
  1530811048
][
  62,
  460375548,
  9
][
  62,
  478479060,
  9
][
  9,
  -445366325,
  0,
  1530811198
][
  62,
  445282960,
  9
][
  8,
  -454497363,
  1,
  1530811031
][
  8,
  -469525690,
  7,
  1530811223
][
  62,
  460375548,
  9
][
  8,
  -445366325,
  1,
  1530811225
][
  8,
  -454497363,
  6,
  1530811222
][
  62,
  445282960,
  9
][
  9,
  -445366325,
  0,
  1530811226
][
  62,
  487122584,
  9
][
  62,
  487122584,
  9
][
  62,
  54263416,
  3
][
  62,
  460375548,
  9
][
  62,
  54263416,
  3
][
  62,
  54263416,
  3
][
  62,
  487122584,
  9
][
  62,
  445282960,
  9
][
  62,
  445282960,
  9
][
  2,
  164780,
  131200,
  2000000009
][
  62,
  433285700,
  9
][
  62,
  54263416,
  3
][
  62,
  433285700,
  9
][
  62,
  54263416,
  3
][
  8,
  -275742375,
  4,
  1530811352
][
  62,
  433285700,
  9
][
  62,
  433285700,
  9
][
  62,
  433285700,
  9
][
  62,
  333135471,
  9
][
  62,
  333135471,
  9
][
  8,
  -445366325,
  1,
  1530811378
][
  62,
  487122584,
  9
][
  9,
  -445366325,
  0,
  1530811379
][
  62,
  487122584,
  9
][
  8,
  -445366325,
  1,
  1530811397
][
  62,
  445282960,
  9
][
  62,
  445282960,
  9
][
  9,
  -445366325,
  0,
  1530811398
][
  62,
  445282960,
  9
][
  8,
  -445366325,
  1,
  1530811402
][
  62,
  487122584,
  9
][
  9,
  -445366325,
  0,
  1530811402
][
  8,
  -445366325,
  1,
  1530811413
][
  9,
  -445366325,
  0,
  1530811414
][
  62,
  54263416,
  3
][
  8,
  -445366325,
  1,
  1530811421
][
  9,
  -445366325,
  0,
  1530811422
][
  8,
  -445366325,
  1,
  1530811436
][
  9,
  -445366325,
  0,
  1530811437
][
  62,
  487122584,
  9
][
  8,
  -445366325,
  1,
  1530811449
][
  62,
  54263416,
  3
][
  8,
  -54263416,
  7,
  1530812160
][
  9,
  -236668267,
  1,
  1530811881
][
  9,
  -329582092,
  1,
  1530811894
][
  8,
  -445366325,
  1,
  1530813280
][
  8,
  -54263416,
  7,
  1530813295
][
  9,
  -445366325,
  0,
  1530813281
][
  62,
  54263416,
  2
][
  62,
  54263416,
  2
][
  8,
  -454497363,
  1,
  1530813119
][
  8,
  -445366325,
  1,
  1530813318
][
  62,
  54263416,
  2
][
  9,
  -445366325,
  0,
  1530813319
][
  8,
  -236668267,
  1,
  1530813327
][
  8,
  -445366325,
  1,
  1530813327
][
  9,
  -236668267,
  0,
  1530813327
][
  8,
  -454497363,
  6,
  1530813335
][
  9,
  -445366325,
  0,
  1530813328
][
  8,
  -54263416,
  7,
  1530814258
][
  62,
  54263416,
  2
][
  8,
  -236668267,
  1,
  1530814295
][
  9,
  -236668267,
  0,
  1530814533
][
  62,
  54263416,
  2
][
  8,
  -469525690,
  7,
  1530814560
][
  8,
  -445366325,
  1,
  1530814565
][
  9,
  -445366325,
  0,
  1530814566
][
  8,
  -448235816,
  7,
  1530814592
][
  8,
  -236668267,
  1,
  1530814609
][
  62,
  438095087,
  2
][
  9,
  -236668267,
  0,
  1530814609
][
  8,
  -445366325,
  1,
  1530814654
][
  9,
  -303429088,
  1,
  1530814360
][
  9,
  -445366325,
  0,
  1530814655
][
  8,
  -236668267,
  1,
  1530814754
][
  9,
  -236668267,
  0,
  1530814755
][
  62,
  54263416,
  3
][
  8,
  -445366325,
  1,
  1530814780
][
  9,
  -472119224,
  1,
  1530814484
][
  9,
  -445366325,
  0,
  1530814781
][
  62,
  54263416,
  3
][
  62,
  54263416,
  3
][
  8,
  -454497363,
  1,
  1530814794
][
  62,
  54263416,
  3
][
  8,
  -454497363,
  6,
  1530814835
][
  8,
  -445366325,
  1,
  1530814954
][
  8,
  -445366325,
  1,
  1530815005
][
  62,
  54263416,
  3
][
  8,
  -236668267,
  1,
  1530815010
][
  9,
  -445366325,
  0,
  1530815006
][
  62,
  54263416,
  3
][
  9,
  -236668267,
  0,
  1530815010
][
  62,
  54263416,
  3
][
  62,
  54263416,
  3
][
  62,
  54263416,
  3
][
  62,
  54263416,
  3
][
  8,
  -445366325,
  1,
  1530815485
][
  8,
  -236668267,
  1,
  1530815479
][
  9,
  -445366325,
  0,
  1530815486
][
  9,
  -236668267,
  0,
  1530815479
][
  8,
  -445366325,
  1,
  1530815488
][
  9,
  -236668267,
  0,
  1530817338
][
  8,
  -236668267,
  7,
  1530817353
][
  8,
  -445366325,
  1,
  1530817393
][
  9,
  -445366325,
  0,
  1530817394
][
  9,
  -469525690,
  1,
  1530817122
][
  8,
  -445366325,
  1,
  1530817436
][
  9,
  -445366325,
  0,
  1530817437
][
  8,
  -389841055,
  7,
  1530817475
][
  8,
  -454497363,
  1,
  1530817512
][
  8,
  -454497363,
  6,
  1530817540
][
  8,
  -445366325,
  1,
  1530817550
][
  6,
  2000000003,
  164738
][
  9,
  -445366325,
  0,
  1530817551
][
  6,
  2000000002,
  162295
][
  6,
  2000000002,
  164936
][
  80,
  3,
  0
][
  9,
  -329582092,
  1,
  1530817300
][
  8,
  -329582092,
  2,
  1530817601
][
  9,
  -236668267,
  1,
  1530817360
][
  9,
  -309023549,
  1,
  1530817360
][
  7,
  2000000002,
  164939
][
  8,
  -445366325,
  1,
  1530817698
][
  9,
  -445366325,
  0,
  1530817699
][
  62,
  438095087,
  2
][
  62,
  438095087,
  2
][
  62,
  438095087,
  2
][
  62,
  438095087,
  2
][
  62,
  438095087,
  2
][
  62,
  438095087,
  2
][
  8,
  -236668267,
  7,
  1530817738
][
  62,
  438095087,
  2
][
  80,
  4,
  0
][
  62,
  438095087,
  2
][
  62,
  438095087,
  2
][
  9,
  -54263416,
  1,
  1530817468
][
  62,
  438095087,
  2
][
  62,
  438095087,
  2
][
  62,
  438095087,
  2
][
  8,
  -205352998,
  1,
  1530817788
][
  62,
  438095087,
  2
][
  62,
  417606775,
  2
][
  8,
  -448102162,
  4,
  1530818607
][
  62,
  438095087,
  2
][
  62,
  438095087,
  2
][
  62,
  438095087,
  2
][
  62,
  438095087,
  2
][
  62,
  417606775,
  2
][
  8,
  -454497363,
  1,
  1530819811
][
  8,
  -369494497,
  1,
  1530819923
][
  8,
  -454497363,
  6,
  1530819927
][
  62,
  54263416,
  2
][
  62,
  54263416,
  2
][
  8,
  -205352998,
  1,
  1530819961
][
  62,
  54263416,
  3
][
  62,
  54263416,
  3
][
  62,
  54263416,
  3
][
  62,
  54263416,
  3
][
  62,
  54263416,
  3
][
  62,
  54263416,
  3
][
  62,
  54263416,
  3
][
  9,
  -287265918,
  1,
  1530819707
][
  62,
  54263416,
  3
][
  62,
  54263416,
  3
][
  62,
  54263416,
  3
][
  62,
  54263416,
  3
][
  8,
  -275742375,
  4,
  1530820112
][
  62,
  54263416,
  3
][
  62,
  54263416,
  3
][
  6,
  2000000003,
  165054
][
  80,
  3,
  0
][
  7,
  2000000003,
  165055
][
  62,
  54263416,
  3
][
  62,
  438095087,
  2
][
  62,
  438095087,
  2
][
  62,
  438095087,
  2
][
  62,
  438095087,
  2
][
  62,
  54263416,
  2
][
  62,
  54263416,
  2
][
  62,
  438095087,
  2
][
  62,
  438095087,
  2
][
  62,
  54263416,
  2
][
  9,
  -303429088,
  1,
  1530819883
][
  62,
  417606775,
  2
][
  62,
  54263416,
  2
][
  62,
  54263416,
  2
][
  62,
  417606775,
  2
][
  62,
  438095087,
  2
][
  62,
  54263416,
  2
][
  62,
  417606775,
  2
][
  9,
  -267014629,
  1,
  1530819911
][
  62,
  54263416,
  2
][
  62,
  54263416,
  2
][
  62,
  54263416,
  2
][
  8,
  -454497363,
  1,
  1530820025
][
  8,
  -241010148,
  7,
  1530820226
][
  62,
  54263416,
  2
][
  8,
  -454497363,
  6,
  1530820228
][
  62,
  54263416,
  2
][
  8,
  -200981069,
  4,
  1530820241
][
  62,
  54263416,
  2
][
  8,
  -328248337,
  7,
  1530820241
][
  62,
  54263416,
  2
][
  62,
  54263416,
  2
][
  9,
  -472119224,
  1,
  1530819955
][
  62,
  54263416,
  2
][
  62,
  54263416,
  2
][
  6,
  2000000002,
  165079
][
  80,
  2,
  0
][
  7,
  2000000002,
  165080
][
  62,
  54263416,
  2
][
  80,
  3,
  0
][
  8,
  -303429088,
  7,
  1530820272
][
  9,
  -329582092,
  1,
  1530819980
][
  8,
  -329582092,
  2,
  1530820282
][
  62,
  438095087,
  2
][
  8,
  -303429088,
  7,
  1530823628
][
  62,
  438095087,
  2
][
  62,
  54263416,
  2
][
  62,
  54263416,
  2
][
  62,
  54263416,
  2
][
  9,
  -303429088,
  1,
  1530823640
][
  9,
  -200981069,
  1,
  1530823836
][
  62,
  54263416,
  2
][
  62,
  438095087,
  2
][
  62,
  438095087,
  2
][
  62,
  54263416,
  3
][
  80,
  4,
  0
][
  62,
  438095087,
  2
][
  62,
  54263416,
  3
][
  9,
  -329582092,
  1,
  1530823883
][
  62,
  54263416,
  3
][
  8,
  -329582092,
  2,
  1530824190
][
  62,
  54263416,
  3
][
  8,
  -354928735,
  4,
  1530824658
][
  62,
  54263416,
  3
][
  8,
  -54263416,
  7,
  1530824664
][
  62,
  54263416,
  3
][
  62,
  54263416,
  3
][
  62,
  54263416,
  3
][
  9,
  -446673825,
  1,
  1530824393
][
  62,
  54263416,
  3
][
  8,
  -417920372,
  1,
  1530824817
][
  62,
  54263416,
  3
][
  9,
  -417920372,
  0,
  1530824817
][
  62,
  54263416,
  3
][
  9,
  -417920372,
  0,
  1530824904
][
  62,
  54263416,
  3
][
  8,
  -417920372,
  1,
  1530824924
][
  6,
  2000000003,
  165378
][
  80,
  3,
  0
][
  7,
  2000000003,
  165379
][
  62,
  54263416,
  3
][
  9,
  -417920372,
  0,
  1530824925
][
  62,
  54263416,
  3
][
  8,
  -417920372,
  1,
  1530824934
][
  80,
  4,
  0
][
  6,
  2000000003,
  165381
][
  80,
  3,
  0
][
  9,
  -417920372,
  0,
  1530824934
][
  8,
  -354928735,
  4,
  1530824944
][
  8,
  -417920372,
  1,
  1530824936
][
  7,
  2000000003,
  165382
][
  62,
  54263416,
  3
][
  9,
  -417920372,
  0,
  1530824936
][
  62,
  54263416,
  3
][
  80,
  4,
  0
][
  8,
  -417920372,
  1,
  1530824940
][
  9,
  -329582092,
  1,
  1530824778
][
  9,
  -200981069,
  0,
  1530825078
][
  62,
  54263416,
  3
][
  8,
  -329582092,
  2,
  1530825080
][
  6,
  2000000003,
  165385
][
  80,
  3,
  0
][
  7,
  2000000003,
  165386
][
  8,
  -417920372,
  1,
  1530825138
][
  62,
  54263416,
  3
][
  80,
  4,
  0
][
  9,
  -417920372,
  0,
  1530825138
][
  6,
  2000000003,
  165387
][
  80,
  3,
  0
][
  7,
  2000000003,
  165388
][
  9,
  -303429088,
  1,
  1530824850
][
  8,
  -417920372,
  1,
  1530825142
][
  8,
  -417920372,
  1,
  1530825224
][
  62,
  54263416,
  3
][
  80,
  4,
  0
][
  6,
  2000000003,
  165389
][
  80,
  3,
  0
][
  7,
  2000000003,
  165390
][
  62,
  54263416,
  3
][
  62,
  54263416,
  3
][
  62,
  54263416,
  3
][
  62,
  54263416,
  3
][
  80,
  4,
  0
][
  62,
  54263416,
  3
][
  8,
  -329582092,
  2,
  1530825391
][
  6,
  2000000003,
  165392
][
  80,
  3,
  0
][
  7,
  2000000003,
  165393
][
  62,
  54263416,
  3
][
  80,
  4,
  0
][
  6,
  2000000003,
  165394
][
  80,
  3,
  0
][
  7,
  2000000003,
  165395
][
  8,
  -216980989,
  7,
  1530825493
][
  62,
  54263416,
  3
][
  80,
  4,
  0
][
  6,
  2000000003,
  165396
][
  80,
  3,
  0
][
  7,
  2000000003,
  165397
][
  62,
  54263416,
  3
][
  80,
  4,
  0
][
  62,
  54263416,
  3
][
  6,
  2000000003,
  165402
][
  80,
  3,
  0
][
  7,
  2000000003,
  165403
][
  62,
  54263416,
  3
][
  80,
  4,
  0
][
  6,
  2000000003,
  165404
][
  80,
  3,
  0
][
  7,
  2000000003,
  165405
][
  62,
  54263416,
  3
][
  80,
  4,
  0
][
  6,
  2000000003,
  165406
][
  80,
  3,
  0
][
  7,
  2000000003,
  165407
][
  62,
  54263416,
  3
][
  80,
  4,
  0
][
  6,
  2000000003,
  165409
][
  80,
  3,
  0
][
  7,
  2000000003,
  165410
][
  62,
  54263416,
  3
][
  80,
  4,
  0
][
  62,
  54263416,
  3
][
  8,
  -454497363,
  1,
  1530825443
][
  6,
  2000000003,
  165413
][
  80,
  3,
  0
][
  7,
  2000000003,
  165414
][
  8,
  -454497363,
  6,
  1530825641
][
  62,
  327308283,
  2
][
  62,
  327308283,
  2
][
  62,
  327308283,
  2
][
  62,
  54263416,
  3
][
  80,
  4,
  0
][
  6,
  2000000003,
  165483
][
  80,
  3,
  0
][
  7,
  2000000003,
  165484
][
  62,
  54263416,
  3
][
  62,
  54263416,
  3
][
  62,
  54263416,
  3
][
  80,
  4,
  0
][
  6,
  2000000003,
  165486
][
  80,
  3,
  0
][
  62,
  438095087,
  2
][
  7,
  2000000003,
  165487
][
  62,
  438095087,
  2
][
  8,
  -236668267,
  1,
  1530826851
][
  62,
  54263416,
  3
][
  80,
  4,
  0
][
  62,
  438095087,
  2
][
  62,
  54263416,
  3
][
  9,
  -236668267,
  0,
  1530826851
][
  6,
  2000000003,
  165491
][
  80,
  3,
  0
][
  7,
  2000000003,
  165492
][
  62,
  438095087,
  2
][
  62,
  54263416,
  3
][
  9,
  -329582092,
  1,
  1530826582
][
  80,
  4,
  0
][
  6,
  2000000003,
  165495
][
  80,
  3,
  0
][
  7,
  2000000003,
  165496
][
  8,
  -329582092,
  2,
  1530826885
][
  62,
  438095087,
  2
][
  8,
  -236668267,
  1,
  1530827003
][
  62,
  438095087,
  2
][
  9,
  -236668267,
  0,
  1530827003
][
  62,
  438095087,
  2
][
  8,
  -236668267,
  1,
  1530827008
][
  62,
  54263416,
  3
][
  80,
  4,
  0
][
  6,
  2000000003,
  165502
][
  80,
  3,
  0
][
  9,
  -236668267,
  0,
  1530827008
][
  7,
  2000000003,
  165503
][
  62,
  54263416,
  3
][
  80,
  4,
  0
][
  6,
  2000000003,
  165504
][
  80,
  3,
  0
][
  7,
  2000000003,
  165505
][
  62,
  54263416,
  2
][
  62,
  54263416,
  2
][
  62,
  54263416,
  2
][
  6,
  2000000002,
  165507
][
  80,
  2,
  0
][
  7,
  2000000002,
  165508
][
  80,
  3,
  0
][
  62,
  438095087,
  2
][
  62,
  438095087,
  2
][
  8,
  -454497363,
  1,
  1530826920
][
  62,
  54263416,
  2
][
  8,
  -454497363,
  6,
  1530827122
][
  62,
  54263416,
  2
][
  62,
  54263416,
  2
][
  6,
  2000000002,
  165512
][
  80,
  2,
  0
][
  7,
  2000000002,
  165513
][
  62,
  438095087,
  2
][
  80,
  3,
  0
][
  62,
  54263416,
  2
][
  62,
  54263416,
  2
][
  62,
  54263416,
  2
][
  62,
  54263416,
  2
][
  62,
  54263416,
  2
][
  62,
  54263416,
  2
][
  62,
  54263416,
  2
][
  8,
  -236668267,
  1,
  1530827186
][
  9,
  -200981069,
  1,
  1530826891
][
  9,
  -236668267,
  0,
  1530827186
][
  9,
  -164692914,
  1,
  1530826904
][
  8,
  -475543819,
  4,
  1530827211
][
  62,
  54263416,
  2
][
  8,
  -200981069,
  4,
  1530827220
][
  62,
  438095087,
  2
][
  62,
  54263416,
  2
][
  62,
  54263416,
  2
][
  62,
  54263416,
  2
][
  62,
  54263416,
  2
][
  9,
  -406046142,
  1,
  1530826949
][
  62,
  54263416,
  2
][
  8,
  -218923783,
  7,
  1530827252
][
  62,
  54263416,
  2
][
  62,
  54263416,
  2
][
  62,
  54263416,
  2
][
  62,
  438095087,
  2
][
  62,
  438095087,
  2
][
  62,
  438095087,
  2
][
  62,
  438095087,
  2
][
  62,
  438095087,
  2
][
  62,
  438095087,
  2
][
  62,
  438095087,
  2
][
  9,
  -475543819,
  0,
  1530827399
][
  62,
  438095087,
  2
][
  62,
  438095087,
  2
][
  8,
  -454497363,
  1,
  1530827340
][
  8,
  -454497363,
  6,
  1530827424
][
  9,
  -200981069,
  0,
  1530827450
][
  62,
  438095087,
  2
][
  62,
  54263416,
  2
][
  9,
  -303429088,
  1,
  1530827203
][
  62,
  54263416,
  2
][
  62,
  438095087,
  2
][
  62,
  438095087,
  2
][
  8,
  -303429088,
  7,
  1530827516
][
  62,
  438095087,
  2
][
  62,
  54263416,
  2
][
  62,
  54263416,
  2
][
  9,
  -287861710,
  0,
  1530827546
][
  62,
  54263416,
  2
][
  8,
  -287861710,
  1,
  1530827547
][
  62,
  54263416,
  2
][
  62,
  438095087,
  2
][
  62,
  438095087,
  2
][
  62,
  267014629,
  2
][
  62,
  438095087,
  2
][
  62,
  54263416,
  2
][
  62,
  54263416,
  2
][
  6,
  2000000002,
  165542
][
  80,
  2,
  0
][
  7,
  2000000002,
  165543
][
  62,
  54263416,
  2
][
  62,
  54263416,
  2
][
  80,
  3,
  0
][
  62,
  54263416,
  2
][
  62,
  54263416,
  3
][
  62,
  54263416,
  3
][
  80,
  4,
  0
][
  62,
  54263416,
  3
][
  62,
  54263416,
  3
][
  62,
  438095087,
  2
][
  62,
  54263416,
  3
][
  62,
  438095087,
  2
][
  62,
  54263416,
  3
][
  62,
  54263416,
  3
][
  62,
  54263416,
  2
][
  62,
  54263416,
  3
][
  62,
  54263416,
  3
][
  62,
  54263416,
  3
][
  62,
  438095087,
  2
][
  62,
  54263416,
  3
][
  62,
  438095087,
  2
][
  62,
  54263416,
  3
][
  62,
  54263416,
  3
][
  8,
  -354928735,
  1,
  1530830623
][
  62,
  445282960,
  9
][
  8,
  -287861710,
  1,
  1530831115
][
  62,
  54263416,
  2
][
  8,
  -54263416,
  7,
  1530831121
][
  62,
  445282960,
  9
][
  9,
  -287861710,
  0,
  1530831115
][
  6,
  2000000002,
  165698
][
  80,
  3,
  0
][
  8,
  -236668267,
  1,
  1530831127
][
  8,
  -287861710,
  1,
  1530831124
][
  7,
  2000000002,
  165699
][
  62,
  54263416,
  2
][
  80,
  4,
  0
][
  62,
  54263416,
  2
][
  9,
  -236668267,
  0,
  1530831127
][
  9,
  -287861710,
  0,
  1530831124
][
  6,
  2000000002,
  165701
][
  80,
  3,
  0
][
  7,
  2000000002,
  165702
][
  62,
  438095087,
  2
][
  62,
  438095087,
  2
][
  80,
  4,
  0
][
  62,
  54263416,
  2
][
  62,
  54263416,
  2
][
  62,
  54263416,
  2
][
  62,
  333135471,
  9
][
  62,
  487122584,
  9
][
  8,
  -287861710,
  1,
  1530831372
][
  62,
  333135471,
  9
][
  62,
  54263416,
  2
][
  8,
  -287861710,
  1,
  1530831480
][
  62,
  54263416,
  2
][
  9,
  -287861710,
  0,
  1530831480
][
  6,
  2000000002,
  165713
][
  80,
  3,
  0
][
  7,
  2000000002,
  165714
][
  8,
  -287861710,
  1,
  1530831555
][
  62,
  54263416,
  2
][
  9,
  -287861710,
  0,
  1530831555
][
  62,
  54263416,
  2
][
  8,
  -287861710,
  1,
  1530831564
][
  9,
  -287861710,
  0,
  1530831565
][
  62,
  54263416,
  2
][
  62,
  445282960,
  9
][
  62,
  54263416,
  2
][
  80,
  4,
  0
][
  62,
  251875741,
  2
][
  6,
  2000000002,
  165717
][
  80,
  3,
  0
][
  7,
  2000000002,
  165718
][
  62,
  445282960,
  9
][
  62,
  251875741,
  2
][
  80,
  4,
  0
][
  8,
  -236668267,
  1,
  1530831596
][
  62,
  251875741,
  2
][
  62,
  54263416,
  2
][
  9,
  -236668267,
  0,
  1530831596
][
  62,
  251875741,
  2
][
  6,
  2000000002,
  165722
][
  80,
  3,
  0
][
  7,
  2000000002,
  165723
][
  80,
  4,
  0
][
  62,
  251875741,
  2
][
  62,
  251875741,
  2
][
  62,
  54263416,
  2
][
  62,
  487122584,
  9
][
  9,
  -472933923,
  1,
  1530831332
][
  62,
  251875741,
  2
][
  6,
  2000000002,
  165726
][
  80,
  3,
  0
][
  7,
  2000000002,
  165728
][
  8,
  -472933923,
  1,
  1530831633
][
  62,
  251875741,
  2
][
  80,
  4,
  0
][
  62,
  487122584,
  9
][
  62,
  251875741,
  2
][
  62,
  251875741,
  2
][
  62,
  54263416,
  2
][
  62,
  251875741,
  2
][
  62,
  54263416,
  2
][
  62,
  54263416,
  2
][
  6,
  2000000002,
  165737
][
  80,
  3,
  0
][
  7,
  2000000002,
  165738
][
  62,
  251875741,
  2
][
  80,
  4,
  0
][
  62,
  445282960,
  9
][
  62,
  251875741,
  2
][
  62,
  445282960,
  9
][
  62,
  251875741,
  2
][
  62,
  251875741,
  2
][
  62,
  251875741,
  2
][
  62,
  251875741,
  2
][
  62,
  438095087,
  2
][
  6,
  2000000002,
  165742
][
  80,
  3,
  0
][
  7,
  2000000002,
  165743
][
  62,
  251875741,
  2
][
  80,
  4,
  0
][
  62,
  487122584,
  9
][
  62,
  54263416,
  2
][
  8,
  -287861710,
  1,
  1530831724
][
  62,
  487122584,
  9
][
  62,
  438095087,
  2
][
  9,
  -287861710,
  0,
  1530831724
][
  62,
  438095087,
  2
][
  8,
  -287861710,
  1,
  1530831728
][
  62,
  438095087,
  2
][
  9,
  -287861710,
  0,
  1530831728
][
  62,
  438095087,
  2
][
  8,
  -287861710,
  1,
  1530831734
][
  62,
  438095087,
  2
][
  9,
  -287861710,
  0,
  1530831734
][
  62,
  438095087,
  2
][
  62,
  438095087,
  2
][
  62,
  438095087,
  2
][
  62,
  54263416,
  2
][
  62,
  54263416,
  2
][
  8,
  -236668267,
  1,
  1530831780
][
  9,
  -236668267,
  0,
  1530831781
][
  9,
  -236668267,
  0,
  1530831972
][
  8,
  -329582092,
  2,
  1530831973
][
  62,
  54263416,
  3
][
  8,
  -287861710,
  1,
  1530831992
][
  62,
  54263416,
  3
][
  9,
  -287861710,
  0,
  1530831992
][
  6,
  2000000003,
  165753
][
  80,
  3,
  0
][
  7,
  2000000003,
  165754
][
  8,
  -287861710,
  1,
  1530832014
][
  9,
  -251875741,
  1,
  1530831719
][
  9,
  -287861710,
  0,
  1530832014
][
  8,
  -287861710,
  1,
  1530832051
][
  9,
  -287861710,
  0,
  1530832051
][
  8,
  -287861710,
  1,
  1530832055
][
  9,
  -287861710,
  0,
  1530832055
][
  8,
  -287861710,
  1,
  1530832075
][
  9,
  -287861710,
  0,
  1530832075
][
  8,
  -236668267,
  1,
  1530832084
][
  8,
  -287861710,
  1,
  1530832077
][
  9,
  -236668267,
  0,
  1530832084
][
  9,
  -287861710,
  0,
  1530832077
][
  8,
  -287861710,
  1,
  1530832107
][
  8,
  -303429088,
  7,
  1530832112
][
  9,
  -287861710,
  0,
  1530832108
][
  8,
  -287861710,
  1,
  1530832127
][
  9,
  -287861710,
  0,
  1530832127
][
  62,
  54263416,
  3
][
  62,
  54263416,
  3
][
  8,
  -287861710,
  1,
  1530832144
][
  80,
  4,
  0
][
  6,
  2000000003,
  165755
][
  80,
  3,
  0
][
  9,
  -287861710,
  0,
  1530832144
][
  7,
  2000000003,
  165756
][
  62,
  54263416,
  3
][
  8,
  -287861710,
  1,
  1530832147
][
  62,
  54263416,
  3
][
  9,
  -287861710,
  0,
  1530832147
][
  80,
  4,
  0
][
  6,
  2000000003,
  165757
][
  80,
  3,
  0
][
  7,
  2000000003,
  165758
][
  8,
  -287861710,
  1,
  1530832186
][
  9,
  -200981069,
  1,
  1530831957
][
  8,
  -287861710,
  1,
  1530832259
][
  62,
  54263416,
  2
][
  9,
  -287861710,
  0,
  1530832259
][
  62,
  54263416,
  3
][
  80,
  4,
  0
][
  6,
  2000000003,
  165760
][
  80,
  3,
  0
][
  62,
  54263416,
  3
][
  7,
  2000000003,
  165761
][
  62,
  54263416,
  3
][
  8,
  -287861710,
  1,
  1530832291
][
  62,
  54263416,
  3
][
  80,
  4,
  0
][
  6,
  2000000003,
  165762
][
  80,
  3,
  0
][
  9,
  -287861710,
  0,
  1530832292
][
  7,
  2000000003,
  165763
][
  62,
  54263416,
  3
][
  80,
  4,
  0
][
  62,
  54263416,
  3
][
  6,
  2000000003,
  165764
][
  80,
  3,
  0
][
  8,
  -287861710,
  1,
  1530832301
][
  7,
  2000000003,
  165765
][
  62,
  54263416,
  3
][
  9,
  -287861710,
  0,
  1530832301
][
  80,
  4,
  0
][
  6,
  2000000003,
  165766
][
  80,
  3,
  0
][
  62,
  54263416,
  3
][
  7,
  2000000003,
  165767
][
  8,
  -287861710,
  1,
  1530832315
][
  80,
  4,
  0
][
  6,
  2000000003,
  165768
][
  80,
  3,
  0
][
  7,
  2000000003,
  165769
][
  62,
  54263416,
  3
][
  9,
  -287861710,
  0,
  1530832315
][
  62,
  54263416,
  3
][
  8,
  -287861710,
  1,
  1530832321
][
  80,
  4,
  0
][
  6,
  2000000003,
  165770
][
  80,
  3,
  0
][
  9,
  -287861710,
  0,
  1530832321
][
  7,
  2000000003,
  165771
][
  62,
  54263416,
  3
][
  8,
  -287861710,
  1,
  1530832327
][
  62,
  54263416,
  2
][
  6,
  2000000002,
  165772
][
  80,
  2,
  0
][
  7,
  2000000002,
  165773
][
  9,
  -287861710,
  0,
  1530832327
][
  62,
  54263416,
  2
][
  62,
  54263416,
  2
][
  62,
  54263416,
  2
][
  62,
  54263416,
  2
][
  80,
  3,
  0
][
  8,
  -471472367,
  1,
  1530832433
][
  62,
  487122584,
  9
][
  8,
  -287861710,
  1,
  1530833197
][
  62,
  487122584,
  9
][
  9,
  -287861710,
  0,
  1530833197
][
  62,
  54263416,
  3
][
  8,
  -54263416,
  7,
  1530833207
][
  80,
  4,
  0
][
  6,
  2000000003,
  165782
][
  80,
  3,
  0
][
  7,
  2000000003,
  165783
][
  62,
  54263416,
  3
][
  80,
  4,
  0
][
  6,
  2000000003,
  165784
][
  80,
  3,
  0
][
  9,
  -472933923,
  0,
  1530833227
][
  7,
  2000000003,
  165785
][
  62,
  54263416,
  3
][
  80,
  4,
  0
][
  6,
  2000000003,
  165786
][
  80,
  3,
  0
][
  7,
  2000000003,
  165787
][
  62,
  54263416,
  3
][
  80,
  4,
  0
][
  62,
  54263416,
  3
][
  6,
  2000000003,
  165789
][
  80,
  3,
  0
][
  7,
  2000000003,
  165790
][
  62,
  54263416,
  3
][
  80,
  4,
  0
][
  62,
  54263416,
  3
][
  8,
  -328248337,
  7,
  1530833356
][
  62,
  54263416,
  3
][
  62,
  54263416,
  3
][
  62,
  54263416,
  3
][
  6,
  2000000003,
  165799
][
  80,
  3,
  0
][
  7,
  2000000003,
  165800
][
  62,
  54263416,
  3
][
  80,
  4,
  0
][
  8,
  -287861710,
  1,
  1530833381
][
  62,
  54263416,
  3
][
  6,
  2000000003,
  165803
][
  80,
  3,
  0
][
  7,
  2000000003,
  165804
][
  80,
  4,
  0
][
  9,
  -287861710,
  0,
  1530833381
][
  8,
  -354928735,
  4,
  1530833395
][
  62,
  54263416,
  2
][
  62,
  54263416,
  2
][
  62,
  54263416,
  2
][
  6,
  2000000002,
  165807
][
  80,
  3,
  0
][
  62,
  54263416,
  2
][
  7,
  2000000002,
  165808
][
  62,
  54263416,
  2
][
  8,
  -303429088,
  7,
  1530833436
][
  80,
  4,
  0
][
  6,
  2000000002,
  165809
][
  80,
  3,
  0
][
  7,
  2000000002,
  165810
][
  62,
  54263416,
  2
][
  8,
  -287861710,
  1,
  1530833446
][
  80,
  4,
  0
][
  6,
  2000000002,
  165811
][
  80,
  3,
  0
][
  7,
  2000000002,
  165812
][
  62,
  54263416,
  2
][
  9,
  -287861710,
  0,
  1530833446
][
  62,
  54263416,
  2
][
  80,
  4,
  0
][
  8,
  -287861710,
  1,
  1530833458
][
  9,
  -287861710,
  0,
  1530833458
][
  8,
  -287861710,
  1,
  1530833464
][
  9,
  -287861710,
  0,
  1530833464
][
  8,
  -287861710,
  1,
  1530833501
][
  9,
  -287861710,
  0,
  1530833502
][
  8,
  -287861710,
  1,
  1530833510
][
  9,
  -287861710,
  0,
  1530833510
][
  8,
  -287861710,
  1,
  1530833532
][
  9,
  -287861710,
  0,
  1530833532
][
  8,
  -287861710,
  1,
  1530833555
][
  9,
  -287861710,
  0,
  1530833556
][
  62,
  54263416,
  2
][
  62,
  54263416,
  2
][
  62,
  54263416,
  2
][
  8,
  -287861710,
  1,
  1530833616
][
  62,
  54263416,
  2
][
  62,
  54263416,
  2
][
  9,
  -287861710,
  0,
  1530833616
][
  62,
  54263416,
  2
][
  8,
  -287861710,
  1,
  1530833624
][
  9,
  -287861710,
  0,
  1530833624
][
  62,
  54263416,
  2
][
  62,
  54263416,
  2
][
  8,
  -287861710,
  1,
  1530833648
][
  9,
  -287861710,
  0,
  1530833648
][
  8,
  -287861710,
  1,
  1530833652
][
  62,
  134755646,
  2
][
  8,
  -287861710,
  1,
  1530834437
][
  62,
  54263416,
  2
][
  9,
  -287861710,
  0,
  1530834437
][
  62,
  54263416,
  2
][
  6,
  2000000002,
  165872
][
  80,
  3,
  0
][
  7,
  2000000002,
  165873
][
  62,
  134755646,
  2
][
  80,
  4,
  0
][
  62,
  54263416,
  2
][
  62,
  134755646,
  2
][
  6,
  2000000002,
  165875
][
  80,
  3,
  0
][
  7,
  2000000002,
  165876
][
  62,
  134755646,
  2
][
  80,
  4,
  0
][
  6,
  2000000002,
  165877
][
  80,
  3,
  0
][
  7,
  2000000002,
  165878
][
  62,
  134755646,
  2
][
  80,
  4,
  0
][
  62,
  134755646,
  2
][
  62,
  134755646,
  2
][
  62,
  54263416,
  2
][
  62,
  134755646,
  2
][
  8,
  -287861710,
  1,
  1530834512
][
  62,
  134755646,
  2
][
  62,
  54263416,
  2
][
  9,
  -287861710,
  0,
  1530834512
][
  62,
  54263416,
  2
][
  8,
  -475543819,
  4,
  1530834523
][
  8,
  -287861710,
  1,
  1530834519
][
  62,
  54263416,
  2
][
  9,
  -287861710,
  0,
  1530834519
][
  62,
  54263416,
  2
][
  62,
  134755646,
  2
][
  62,
  54263416,
  2
][
  8,
  -287861710,
  1,
  1530834529
][
  62,
  134755646,
  2
][
  62,
  54263416,
  2
][
  62,
  134755646,
  2
][
  62,
  54263416,
  2
][
  9,
  -287861710,
  0,
  1530834550
][
  62,
  54263416,
  2
][
  62,
  134755646,
  2
][
  62,
  134755646,
  2
][
  62,
  134755646,
  2
][
  62,
  134755646,
  2
][
  62,
  54263416,
  2
][
  62,
  54263416,
  2
][
  62,
  54263416,
  2
][
  62,
  54263416,
  2
][
  62,
  134755646,
  2
][
  62,
  54263416,
  2
][
  62,
  54263416,
  2
][
  8,
  -454497363,
  1,
  1530834447
][
  8,
  -454497363,
  6,
  1530834627
][
  8,
  -287861710,
  1,
  1530834640
][
  8,
  -215055129,
  1,
  1530834645
][
  9,
  -287861710,
  0,
  1530834640
][
  62,
  54263416,
  2
][
  8,
  -287861710,
  1,
  1530834645
][
  62,
  54263416,
  2
][
  62,
  54263416,
  2
][
  9,
  -287861710,
  0,
  1530834652
][
  62,
  54263416,
  2
][
  8,
  -287861710,
  1,
  1530834660
][
  62,
  54263416,
  2
][
  9,
  -287861710,
  0,
  1530834660
][
  9,
  -329582092,
  1,
  1530834376
][
  8,
  -287861710,
  1,
  1530834665
][
  8,
  -329582092,
  2,
  1530834676
][
  9,
  -287861710,
  0,
  1530834665
][
  62,
  54263416,
  2
][
  62,
  54263416,
  2
][
  62,
  54263416,
  2
][
  62,
  54263416,
  3
][
  6,
  2000000003,
  166072
][
  80,
  3,
  0
][
  9,
  -251875741,
  1,
  1530837399
][
  7,
  2000000003,
  166073
][
  62,
  54263416,
  3
][
  80,
  4,
  0
][
  6,
  2000000003,
  166074
][
  80,
  3,
  0
][
  7,
  2000000003,
  166075
][
  8,
  -287861710,
  1,
  1530837717
][
  9,
  -471472367,
  1,
  1530837422
][
  9,
  -287861710,
  0,
  1530837717
][
  8,
  -287861710,
  1,
  1530837718
][
  9,
  -287861710,
  0,
  1530837719
][
  62,
  54263416,
  3
][
  8,
  -287861710,
  1,
  1530837735
][
  80,
  4,
  0
][
  6,
  2000000003,
  166076
][
  80,
  3,
  0
][
  7,
  2000000003,
  166077
][
  9,
  -287861710,
  0,
  1530837735
][
  62,
  54263416,
  3
][
  80,
  4,
  0
][
  6,
  2000000003,
  166078
][
  80,
  3,
  0
][
  8,
  -472933923,
  1,
  1530837930
][
  8,
  -287861710,
  1,
  1530838066
][
  7,
  2000000003,
  166079
][
  62,
  54263416,
  3
][
  9,
  -287861710,
  0,
  1530838066
][
  80,
  4,
  0
][
  8,
  -216980989,
  7,
  1530838074
][
  6,
  2000000003,
  166081
][
  80,
  3,
  0
][
  8,
  -287861710,
  1,
  1530838071
][
  7,
  2000000003,
  166082
][
  62,
  54263416,
  3
][
  80,
  4,
  0
][
  6,
  2000000003,
  166083
][
  80,
  3,
  0
][
  9,
  -287861710,
  0,
  1530838071
][
  7,
  2000000003,
  166084
][
  62,
  54263416,
  3
][
  80,
  4,
  0
][
  6,
  2000000003,
  166085
][
  80,
  3,
  0
][
  7,
  2000000003,
  166086
][
  62,
  54263416,
  3
][
  80,
  4,
  0
][
  6,
  2000000003,
  166088
][
  80,
  3,
  0
][
  7,
  2000000003,
  166089
][
  62,
  54263416,
  3
][
  80,
  4,
  0
][
  6,
  2000000003,
  166090
][
  80,
  3,
  0
][
  8,
  -287861710,
  1,
  1530838187
][
  7,
  2000000003,
  166091
][
  62,
  54263416,
  3
][
  9,
  -287861710,
  0,
  1530838187
][
  80,
  4,
  0
][
  6,
  2000000003,
  166092
][
  80,
  3,
  0
][
  7,
  2000000003,
  166093
][
  62,
  54263416,
  3
][
  80,
  4,
  0
][
  6,
  2000000003,
  166094
][
  80,
  3,
  0
][
  7,
  2000000003,
  166095
][
  62,
  54263416,
  3
][
  62,
  54263416,
  3
][
  80,
  4,
  0
][
  6,
  2000000003,
  166096
][
  80,
  3,
  0
][
  7,
  2000000003,
  166097
][
  62,
  54263416,
  3
][
  80,
  4,
  0
][
  6,
  2000000003,
  166098
][
  80,
  3,
  0
][
  8,
  -287861710,
  1,
  1530838224
][
  7,
  2000000003,
  166099
][
  62,
  54263416,
  3
][
  9,
  -472933923,
  1,
  1530837930
][
  80,
  4,
  0
][
  9,
  -287861710,
  0,
  1530838225
][
  6,
  2000000003,
  166100
][
  80,
  3,
  0
][
  7,
  2000000003,
  166101
][
  62,
  54263416,
  3
][
  8,
  -472933923,
  1,
  1530838230
][
  80,
  4,
  0
][
  6,
  2000000003,
  166102
][
  80,
  3,
  0
][
  8,
  -287861710,
  1,
  1530838227
][
  7,
  2000000003,
  166103
][
  62,
  54263416,
  3
][
  80,
  4,
  0
][
  9,
  -287861710,
  0,
  1530838227
][
  62,
  54263416,
  3
][
  6,
  2000000003,
  166106
][
  80,
  3,
  0
][
  8,
  -287861710,
  1,
  1530838232
][
  7,
  2000000003,
  166107
][
  9,
  -287861710,
  0,
  1530838553
][
  8,
  -287861710,
  1,
  1530838610
][
  9,
  -287861710,
  0,
  1530838610
][
  8,
  -287861710,
  1,
  1530838613
][
  62,
  54263416,
  2
][
  9,
  -287861710,
  0,
  1530838613
][
  8,
  -418769132,
  1,
  1530838631
][
  62,
  54263416,
  2
][
  9,
  -418769132,
  0,
  1530838631
][
  62,
  54263416,
  2
][
  6,
  2000000002,
  166112
][
  80,
  3,
  0
][
  8,
  -287861710,
  1,
  1530838640
][
  7,
  2000000002,
  166113
][
  9,
  -287861710,
  0,
  1530838640
][
  8,
  -418769132,
  1,
  1530838648
][
  9,
  -418769132,
  0,
  1530838648
][
  62,
  54263416,
  2
][
  62,
  54263416,
  2
][
  62,
  54263416,
  2
][
  62,
  54263416,
  2
][
  62,
  54263416,
  2
][
  80,
  4,
  0
][
  62,
  54263416,
  2
][
  62,
  54263416,
  2
][
  62,
  54263416,
  2
][
  62,
  54263416,
  2
][
  62,
  54263416,
  2
][
  62,
  54263416,
  2
][
  8,
  -287861710,
  1,
  1530838725
][
  62,
  54263416,
  2
][
  9,
  -287861710,
  0,
  1530838725
][
  62,
  54263416,
  2
][
  62,
  54263416,
  2
][
  8,
  -287861710,
  1,
  1530838782
][
  9,
  -287861710,
  0,
  1530838783
][
  62,
  54263416,
  3
][
  8,
  -287861710,
  1,
  1530838786
][
  6,
  2000000003,
  166116
][
  80,
  3,
  0
][
  7,
  2000000003,
  166117
][
  9,
  -287861710,
  0,
  1530838786
][
  8,
  -454497363,
  1,
  1530838617
][
  8,
  -454497363,
  6,
  1530838830
][
  8,
  -287861710,
  1,
  1530838832
][
  9,
  -287861710,
  0,
  1530838832
][
  8,
  -287861710,
  1,
  1530838835
][
  9,
  -287861710,
  0,
  1530838835
][
  9,
  -287861710,
  0,
  1530838906
][
  8,
  -287861710,
  1,
  1530838931
][
  9,
  -287861710,
  0,
  1530838931
][
  62,
  54263416,
  2
][
  8,
  -287861710,
  1,
  1530838938
][
  62,
  54263416,
  2
][
  9,
  -287861710,
  0,
  1530838939
][
  62,
  54263416,
  2
][
  8,
  -287861710,
  1,
  1530838940
][
  62,
  54263416,
  2
][
  9,
  -287861710,
  0,
  1530838940
][
  8,
  -287861710,
  1,
  1530838990
][
  9,
  -287861710,
  0,
  1530838990
][
  8,
  -287861710,
  1,
  1530839056
][
  9,
  -287861710,
  0,
  1530839056
][
  8,
  -287861710,
  1,
  1530839150
][
  9,
  -287861710,
  0,
  1530839150
][
  8,
  -287861710,
  1,
  1530839237
][
  9,
  -287861710,
  0,
  1530839237
][
  9,
  -54263416,
  1,
  1530838958
][
  8,
  -287861710,
  1,
  1530839344
][
  9,
  -287861710,
  0,
  1530839344
][
  8,
  -287861710,
  1,
  1530839399
][
  9,
  -287861710,
  0,
  1530839400
][
  62,
  54263416,
  3
][
  8,
  -54263416,
  7,
  1530839435
][
  80,
  4,
  0
][
  6,
  2000000003,
  166119
][
  80,
  3,
  0
][
  7,
  2000000003,
  166120
][
  62,
  54263416,
  3
][
  8,
  -54263416,
  7,
  1530841124
][
  80,
  4,
  0
][
  62,
  54263416,
  3
][
  6,
  2000000003,
  166122
][
  80,
  3,
  0
][
  7,
  2000000003,
  166123
][
  9,
  -251875741,
  1,
  1530840874
][
  62,
  54263416,
  3
][
  80,
  4,
  0
][
  6,
  2000000003,
  166124
][
  80,
  3,
  0
][
  7,
  2000000003,
  166125
][
  62,
  54263416,
  2
][
  8,
  -54263416,
  7,
  1530842335
][
  62,
  54263416,
  3
][
  80,
  4,
  0
][
  6,
  2000000003,
  166126
][
  80,
  3,
  0
][
  7,
  2000000003,
  166128
][
  62,
  54263416,
  3
][
  80,
  4,
  0
][
  6,
  2000000003,
  166129
][
  80,
  3,
  0
][
  9,
  -370631876,
  0,
  1530842386
][
  7,
  2000000003,
  166130
][
  62,
  54263416,
  3
][
  80,
  4,
  0
][
  6,
  2000000003,
  166131
][
  80,
  3,
  0
][
  62,
  54263416,
  3
][
  7,
  2000000003,
  166132
][
  62,
  54263416,
  3
][
  80,
  4,
  0
][
  6,
  2000000003,
  166133
][
  80,
  3,
  0
][
  9,
  -251875741,
  1,
  1530842111
][
  7,
  2000000003,
  166134
][
  62,
  54263416,
  3
][
  80,
  4,
  0
][
  6,
  2000000003,
  166135
][
  80,
  3,
  0
][
  7,
  2000000003,
  166136
][
  62,
  54263416,
  3
][
  80,
  4,
  0
][
  6,
  2000000003,
  166137
][
  80,
  3,
  0
][
  7,
  2000000003,
  166138
][
  62,
  54263416,
  3
][
  80,
  4,
  0
][
  6,
  2000000003,
  166139
][
  80,
  3,
  0
][
  7,
  2000000003,
  166140
][
  8,
  -370631876,
  4,
  1530842594
][
  62,
  54263416,
  3
][
  80,
  4,
  0
][
  6,
  2000000003,
  166154
][
  80,
  3,
  0
][
  7,
  2000000003,
  166155
][
  62,
  54263416,
  2
][
  62,
  54263416,
  2
][
  62,
  54263416,
  3
][
  80,
  4,
  0
][
  6,
  2000000003,
  166157
][
  80,
  3,
  0
][
  7,
  2000000003,
  166158
][
  62,
  54263416,
  3
][
  80,
  4,
  0
][
  6,
  2000000003,
  166159
][
  80,
  3,
  0
][
  7,
  2000000003,
  166160
][
  62,
  54263416,
  3
][
  80,
  4,
  0
][
  6,
  2000000003,
  166161
][
  80,
  3,
  0
][
  7,
  2000000003,
  166162
][
  9,
  -370631876,
  0,
  1530844480
][
  62,
  54263416,
  3
][
  80,
  4,
  0
][
  6,
  2000000003,
  166163
][
  80,
  3,
  0
][
  7,
  2000000003,
  166164
][
  8,
  -370631876,
  4,
  1530844500
][
  62,
  54263416,
  3
][
  80,
  4,
  0
][
  6,
  2000000003,
  166166
][
  80,
  3,
  0
][
  7,
  2000000003,
  166167
][
  62,
  370631876,
  2
][
  62,
  370631876,
  2
][
  62,
  370631876,
  2
][
  62,
  370631876,
  2
][
  5,
  166170,
  532481,
  2000000002,
  1530844741,
  "Удачи ребята )))))",
  {
    "title": "",
    "from": "370631876"
  }
][
  8,
  -54263416,
  7,
  1530845080
][
  62,
  54263416,
  2
][
  62,
  54263416,
  3
][
  80,
  4,
  0
][
  6,
  2000000003,
  166172
][
  80,
  3,
  0
][
  7,
  2000000003,
  166174
][
  62,
  54263416,
  3
][
  80,
  4,
  0
][
  6,
  2000000003,
  166175
][
  80,
  3,
  0
][
  8,
  -454497363,
  1,
  1530845098
][
  8,
  -454497363,
  6,
  1530845126
][
  9,
  -251875741,
  1,
  1530844830
][
  7,
  2000000003,
  166176
][
  62,
  54263416,
  3
][
  80,
  4,
  0
][
  6,
  2000000003,
  166177
][
  80,
  3,
  0
][
  7,
  2000000003,
  166178
][
  62,
  54263416,
  3
][
  8,
  -54263416,
  7,
  1530847385
][
  80,
  4,
  0
][
  6,
  2000000003,
  166182
][
  80,
  3,
  0
][
  7,
  2000000003,
  166183
][
  62,
  54263416,
  3
][
  80,
  4,
  0
][
  6,
  2000000003,
  166184
][
  80,
  3,
  0
][
  7,
  2000000003,
  166185
][
  62,
  54263416,
  3
][
  80,
  4,
  0
][
  6,
  2000000003,
  166186
][
  80,
  3,
  0
][
  8,
  -251875741,
  4,
  1530847414
][
  7,
  2000000003,
  166187
][
  8,
  -418769132,
  1,
  1530848004
][
  9,
  -418769132,
  0,
  1530848004
][
  62,
  54263416,
  3
][
  8,
  -54263416,
  7,
  1530848012
][
  80,
  4,
  0
][
  6,
  2000000003,
  166188
][
  80,
  3,
  0
][
  7,
  2000000003,
  166189
][
  62,
  54263416,
  3
][
  80,
  4,
  0
][
  6,
  2000000003,
  166190
][
  80,
  3,
  0
][
  7,
  2000000003,
  166191
][
  62,
  54263416,
  3
][
  80,
  4,
  0
][
  62,
  54263416,
  3
][
  6,
  2000000003,
  166193
][
  80,
  3,
  0
][
  7,
  2000000003,
  166194
][
  62,
  54263416,
  3
][
  62,
  54263416,
  3
][
  80,
  4,
  0
][
  6,
  2000000003,
  166195
][
  80,
  3,
  0
][
  7,
  2000000003,
  166196
][
  62,
  54263416,
  3
][
  80,
  4,
  0
][
  6,
  2000000003,
  166197
][
  80,
  3,
  0
][
  7,
  2000000003,
  166198
][
  62,
  54263416,
  3
][
  80,
  4,
  0
][
  6,
  2000000003,
  166199
][
  80,
  3,
  0
][
  7,
  2000000003,
  166200
][
  62,
  54263416,
  3
][
  62,
  54263416,
  3
][
  62,
  54263416,
  3
][
  62,
  54263416,
  3
][
  80,
  4,
  0
][
  6,
  2000000003,
  166201
][
  80,
  3,
  0
][
  7,
  2000000003,
  166202
][
  62,
  54263416,
  3
][
  62,
  54263416,
  3
][
  80,
  4,
  0
][
  6,
  2000000003,
  166203
][
  80,
  3,
  0
][
  7,
  2000000003,
  166204
][
  62,
  54263416,
  3
][
  80,
  4,
  0
][
  6,
  2000000003,
  166205
][
  80,
  3,
  0
][
  7,
  2000000003,
  166206
][
  62,
  54263416,
  3
][
  80,
  4,
  0
][
  6,
  2000000003,
  166207
][
  80,
  3,
  0
][
  62,
  54263416,
  3
][
  7,
  2000000003,
  166209
][
  80,
  4,
  0
][
  6,
  2000000003,
  166210
][
  80,
  3,
  0
][
  7,
  2000000003,
  166211
][
  8,
  -448102162,
  7,
  1530848277
][
  62,
  54263416,
  3
][
  80,
  4,
  0
][
  6,
  2000000003,
  166212
][
  80,
  3,
  0
][
  7,
  2000000003,
  166214
][
  8,
  -167027737,
  1,
  1530848404
][
  8,
  -167027737,
  7,
  1530848207
][
  9,
  -275742375,
  1,
  1530848122
][
  62,
  54263416,
  3
][
  80,
  4,
  0
][
  6,
  2000000003,
  166215
][
  80,
  3,
  0
][
  7,
  2000000003,
  166216
][
  62,
  54263416,
  3
][
  62,
  54263416,
  3
][
  80,
  4,
  0
][
  6,
  2000000003,
  166217
][
  80,
  3,
  0
][
  7,
  2000000003,
  166218
][
  62,
  54263416,
  3
][
  80,
  4,
  0
][
  6,
  2000000003,
  166219
][
  80,
  3,
  0
][
  7,
  2000000003,
  166221
][
  62,
  54263416,
  3
][
  80,
  4,
  0
][
  6,
  2000000003,
  166222
][
  80,
  3,
  0
][
  7,
  2000000003,
  166223
][
  62,
  54263416,
  3
][
  80,
  4,
  0
][
  6,
  2000000003,
  166224
][
  80,
  3,
  0
][
  7,
  2000000003,
  166225
][
  62,
  54263416,
  3
][
  80,
  4,
  0
][
  6,
  2000000003,
  166226
][
  80,
  3,
  0
][
  7,
  2000000003,
  166227
][
  62,
  54263416,
  3
][
  80,
  4,
  0
][
  6,
  2000000003,
  166228
][
  80,
  3,
  0
][
  7,
  2000000003,
  166230
][
  62,
  54263416,
  3
][
  80,
  4,
  0
][
  6,
  2000000003,
  166231
][
  80,
  3,
  0
][
  7,
  2000000003,
  166232
][
  62,
  54263416,
  3
][
  80,
  4,
  0
][
  6,
  2000000003,
  166233
][
  80,
  3,
  0
][
  7,
  2000000003,
  166234
][
  62,
  54263416,
  3
][
  80,
  4,
  0
][
  6,
  2000000003,
  166235
][
  80,
  3,
  0
][
  7,
  2000000003,
  166236
][
  62,
  54263416,
  3
][
  80,
  4,
  0
][
  6,
  2000000003,
  166237
][
  80,
  3,
  0
][
  7,
  2000000003,
  166238
][
  62,
  54263416,
  3
][
  9,
  -448102162,
  1,
  1530848356
][
  80,
  4,
  0
][
  6,
  2000000003,
  166239
][
  80,
  3,
  0
][
  7,
  2000000003,
  166240
][
  62,
  54263416,
  3
][
  80,
  4,
  0
][
  6,
  2000000003,
  166241
][
  80,
  3,
  0
][
  7,
  2000000003,
  166242
][
  62,
  54263416,
  3
][
  80,
  4,
  0
][
  6,
  2000000003,
  166243
][
  80,
  3,
  0
][
  7,
  2000000003,
  166244
][
  62,
  54263416,
  3
][
  80,
  4,
  0
][
  6,
  2000000003,
  166245
][
  80,
  3,
  0
][
  7,
  2000000003,
  166246
][
  62,
  54263416,
  3
][
  80,
  4,
  0
][
  6,
  2000000003,
  166247
][
  80,
  3,
  0
][
  7,
  2000000003,
  166248
][
  62,
  54263416,
  3
][
  80,
  4,
  0
][
  6,
  2000000003,
  166249
][
  80,
  3,
  0
][
  7,
  2000000003,
  166250
][
  62,
  54263416,
  3
][
  80,
  4,
  0
][
  6,
  2000000003,
  166251
][
  80,
  3,
  0
][
  7,
  2000000003,
  166253
][
  62,
  54263416,
  3
][
  80,
  4,
  0
][
  6,
  2000000003,
  166254
][
  80,
  3,
  0
][
  8,
  -454497363,
  1,
  1530848651
][
  7,
  2000000003,
  166255
][
  62,
  54263416,
  3
][
  80,
  4,
  0
][
  6,
  2000000003,
  166256
][
  80,
  3,
  0
][
  8,
  -454497363,
  6,
  1530848730
][
  7,
  2000000003,
  166257
][
  62,
  54263416,
  3
][
  80,
  4,
  0
][
  6,
  2000000003,
  166258
][
  80,
  3,
  0
][
  7,
  2000000003,
  166259
][
  62,
  54263416,
  3
][
  80,
  4,
  0
][
  6,
  2000000003,
  166260
][
  80,
  3,
  0
][
  7,
  2000000003,
  166261
][
  62,
  54263416,
  3
][
  80,
  4,
  0
][
  6,
  2000000003,
  166262
][
  80,
  3,
  0
][
  7,
  2000000003,
  166263
][
  62,
  54263416,
  3
][
  80,
  4,
  0
][
  6,
  2000000003,
  166264
][
  80,
  3,
  0
][
  7,
  2000000003,
  166265
][
  62,
  54263416,
  3
][
  80,
  4,
  0
][
  6,
  2000000003,
  166266
][
  80,
  3,
  0
][
  7,
  2000000003,
  166268
][
  8,
  -195969480,
  7,
  1530848849
][
  62,
  54263416,
  3
][
  80,
  4,
  0
][
  6,
  2000000003,
  166269
][
  80,
  3,
  0
][
  7,
  2000000003,
  166270
][
  62,
  54263416,
  3
][
  80,
  4,
  0
][
  6,
  2000000003,
  166271
][
  80,
  3,
  0
][
  62,
  54263416,
  3
][
  7,
  2000000003,
  166272
][
  8,
  -357437315,
  2,
  1530849033
][
  80,
  4,
  0
][
  6,
  2000000003,
  166273
][
  80,
  3,
  0
][
  8,
  -251875741,
  4,
  1530849042
][
  7,
  2000000003,
  166274
][
  8,
  -54263416,
  7,
  1530849771
][
  62,
  54263416,
  2
][
  62,
  54263416,
  2
][
  62,
  54263416,
  3
][
  80,
  4,
  0
][
  6,
  2000000003,
  166277
][
  80,
  3,
  0
][
  7,
  2000000003,
  166278
][
  62,
  54263416,
  3
][
  62,
  54263416,
  3
][
  80,
  4,
  0
][
  62,
  54263416,
  3
][
  6,
  2000000003,
  166280
][
  80,
  3,
  0
][
  7,
  2000000003,
  166281
][
  62,
  54263416,
  3
][
  62,
  54263416,
  3
][
  80,
  4,
  0
][
  6,
  2000000003,
  166282
][
  80,
  3,
  0
][
  7,
  2000000003,
  166283
][
  62,
  54263416,
  3
][
  80,
  4,
  0
][
  6,
  2000000003,
  166284
][
  80,
  3,
  0
][
  7,
  2000000003,
  166285
][
  62,
  54263416,
  3
][
  62,
  54263416,
  3
][
  80,
  4,
  0
][
  6,
  2000000003,
  166286
][
  80,
  3,
  0
][
  7,
  2000000003,
  166287
][
  62,
  54263416,
  3
][
  80,
  4,
  0
][
  6,
  2000000003,
  166288
][
  80,
  3,
  0
][
  7,
  2000000003,
  166289
][
  62,
  54263416,
  2
][
  62,
  54263416,
  2
][
  6,
  2000000002,
  166291
][
  80,
  2,
  0
][
  7,
  2000000002,
  166292
][
  62,
  54263416,
  2
][
  62,
  54263416,
  2
][
  62,
  54263416,
  2
][
  8,
  -454497363,
  1,
  1530849904
][
  80,
  3,
  0
][
  62,
  54263416,
  2
][
  8,
  -454497363,
  6,
  1530849924
][
  62,
  54263416,
  2
][
  62,
  54263416,
  2
][
  62,
  54263416,
  2
][
  62,
  54263416,
  2
][
  62,
  54263416,
  2
][
  9,
  -329582092,
  1,
  1530849674
][
  8,
  -329582092,
  2,
  1530849979
][
  8,
  -251875741,
  4,
  1530850115
][
  9,
  -215055129,
  1,
  1530849824
][
  8,
  -314623555,
  4,
  1530850126
][
  8,
  -454497363,
  1,
  1530850113
][
  8,
  -454497363,
  6,
  1530850232
][
  9,
  -54263416,
  1,
  1530849957
][
  9,
  -357437315,
  1,
  1530849969
][
  9,
  -329582092,
  1,
  1530849979
][
  8,
  -329582092,
  2,
  1530850281
][
  8,
  -251985132,
  7,
  1530850314
][
  62,
  54263416,
  2
][
  8,
  -54263416,
  7,
  1530850396
][
  6,
  2000000002,
  166297
][
  80,
  2,
  0
][
  7,
  2000000002,
  166298
][
  62,
  54263416,
  2
][
  80,
  3,
  0
][
  6,
  2000000002,
  166299
][
  80,
  2,
  0
][
  62,
  54263416,
  2
][
  7,
  2000000002,
  166300
][
  80,
  3,
  0
][
  6,
  2000000002,
  166301
][
  80,
  2,
  0
][
  9,
  -251875741,
  1,
  1530850115
][
  7,
  2000000002,
  166302
][
  62,
  54263416,
  2
][
  80,
  3,
  0
][
  62,
  54263416,
  2
][
  62,
  54263416,
  2
][
  62,
  54263416,
  2
][
  62,
  54263416,
  2
][
  62,
  54263416,
  3
][
  8,
  -54263416,
  7,
  1531543787
][
  62,
  169965037,
  2
][
  62,
  487122584,
  2
][
  8,
  -472933923,
  1,
  1531701068
][
  9,
  -329582092,
  1,
  1531700775
][
  62,
  169965037,
  2
][
  62,
  169965037,
  2
][
  62,
  169965037,
  2
][
  62,
  438095087,
  2
][
  62,
  438095087,
  2
][
  62,
  487122584,
  2
][
  62,
  438095087,
  2
][
  62,
  487122584,
  2
][
  62,
  438095087,
  2
][
  62,
  54263416,
  3
][
  8,
  -54263416,
  7,
  1531710931
][
  62,
  54263416,
  2
][
  62,
  54263416,
  3
][
  8,
  -370631876,
  4,
  1531710691
][
  8,
  -329582092,
  2,
  1531710986
][
  9,
  -370631876,
  1,
  1531710691
][
  62,
  54263416,
  3
][
  8,
  -54263416,
  7,
  1531714552
][
  51,
  3
][
  52,
  8,
  2000000003,
  478153784
][
  9,
  -329582092,
  1,
  1531714267
][
  8,
  -329582092,
  2,
  1531714579
][
  51,
  3
][
  52,
  6,
  2000000003,
  478153784
][
  9,
  -287861710,
  0,
  1531714633
][
  8,
  -446673825,
  7,
  1531714651
][
  51,
  3
][
  52,
  8,
  2000000003,
  478153784
][
  8,
  -287861710,
  1,
  1531714678
][
  9,
  -287861710,
  0,
  1531714679
][
  51,
  3
][
  52,
  6,
  2000000003,
  478153784
][
  8,
  -205352998,
  7,
  1531714728
][
  9,
  -472933923,
  1,
  1531714477
][
  62,
  54263416,
  2
][
  62,
  54263416,
  2
][
  62,
  54263416,
  2
][
  62,
  54263416,
  2
][
  62,
  54263416,
  2
][
  62,
  54263416,
  2
][
  62,
  54263416,
  2
][
  8,
  -454497363,
  1,
  1531876677
][
  8,
  -454497363,
  6,
  1531876821
][
  8,
  -454497363,
  6,
  1531876821
][
  8,
  -454497363,
  6,
  1531876821
][
  8,
  -454497363,
  6,
  1531876821
][
  8,
  -454497363,
  6,
  1531876821
][
  9,
  -247013737,
  1,
  1531878119
][
  7,
  2000000012,
  191692
][
  62,
  54263416,
  12
][
  62,
  54263416,
  3
][
  8,
  -54263416,
  7,
  1531879556
][
  62,
  54263416,
  3
][
  8,
  -54263416,
  7,
  1531880983
][
  80,
  1,
  0
][
  6,
  2000000003,
  191695
][
  80,
  0,
  0
][
  7,
  2000000003,
  191696
][
  62,
  54263416,
  3
][
  9,
  -329582092,
  1,
  1531880774
][
  80,
  1,
  0
][
  62,
  54263416,
  3
][
  8,
  -329582092,
  2,
  1531881076
][
  62,
  54263416,
  3
][
  62,
  54263416,
  3
][
  62,
  54263416,
  3
][
  80,
  2,
  0
][
  8,
  -54263416,
  7,
  1531882219
][
  62,
  54263416,
  13
][
  62,
  54263416,
  13
][
  62,
  54263416,
  13
][
  80,
  3,
  0
][
  62,
  54263416,
  13
][
  62,
  54263416,
  13
][
  62,
  54263416,
  13
][
  62,
  54263416,
  13
][
  62,
  54263416,
  13
][
  62,
  54263416,
  13
][
  62,
  54263416,
  13
][
  6,
  2000000013,
  191715
][
  80,
  2,
  0
][
  7,
  2000000013,
  191716
][
  62,
  54263416,
  13
][
  62,
  54263416,
  13
][
  80,
  3,
  0
][
  62,
  54263416,
  13
][
  6,
  2000000003,
  191701
][
  80,
  2,
  0
][
  6,
  2000000013,
  191718
][
  80,
  1,
  0
][
  6,
  2000000008,
  191710
][
  80,
  0,
  0
][
  8,
  -454497363,
  1,
  1531882988
][
  62,
  54263416,
  13
][
  8,
  -454497363,
  6,
  1531883122
][
  80,
  1,
  0
][
  62,
  54263416,
  13
][
  6,
  2000000013,
  191720
][
  80,
  0,
  0
][
  7,
  2000000013,
  191721
][
  9,
  -329582092,
  1,
  1531882867
][
  62,
  54263416,
  13
][
  80,
  1,
  0
][
  6,
  2000000013,
  191722
][
  80,
  0,
  0
][
  7,
  2000000013,
  191723
][
  62,
  54263416,
  13
][
  80,
  1,
  0
][
  62,
  54263416,
  13
][
  9,
  -329582092,
  1,
  1531883178
][
  8,
  -329582092,
  2,
  1531883481
][
  8,
  -383972871,
  7,
  1531883489
][
  6,
  2000000013,
  191725
][
  80,
  0,
  0
][
  80,
  1,
  0
][
  51,
  3
][
  52,
  8,
  2000000003,
  495936462
][
  62,
  54263416,
  3
][
  62,
  54263416,
  3
][
  8,
  -454497363,
  1,
  1531883619
][
  62,
  54263416,
  3
][
  9,
  -383972871,
  1,
  1531883508
][
  62,
  54263416,
  3
][
  62,
  54263416,
  3
][
  51,
  3
][
  52,
  6,
  2000000003,
  495936462
][
  6,
  2000000003,
  191729
][
  80,
  0,
  0
][
  7,
  2000000003,
  191730
][
  8,
  -454497363,
  6,
  1531884024
][
  62,
  54263416,
  13
][
  80,
  1,
  0
][
  51,
  13
][
  52,
  6,
  2000000013,
  495936462
][
  6,
  2000000013,
  191731
][
  80,
  0,
  0
][
  62,
  54263416,
  13
][
  80,
  1,
  0
][
  62,
  54263416,
  13
][
  8,
  -495936462,
  7,
  1531884185
][
  80,
  2,
  0
][
  62,
  54263416,
  14
][
  62,
  54263416,
  14
][
  62,
  54263416,
  14
][
  9,
  -415949882,
  1,
  1531883956
][
  62,
  54263416,
  14
][
  51,
  14
][
  52,
  6,
  2000000014,
  495936462
][
  6,
  2000000014,
  191739
][
  80,
  1,
  0
][
  7,
  2000000014,
  191740
][
  80,
  2,
  0
][
  62,
  54263416,
  14
][
  62,
  54263416,
  14
][
  61,
  54263416,
  1
][
  61,
  54263416,
  1
][
  80,
  3,
  0
][
  62,
  54263416,
  3
][
  80,
  4,
  0
][
  8,
  -54263416,
  7,
  1531999600
][
  62,
  54263416,
  3
][
  80,
  7,
  0
][
  9,
  -200981069,
  0,
  1531999808
][
  8,
  -454497363,
  1,
  1531999652
][
  8,
  -454497363,
  6,
  1531999827
][
  9,
  -267014629,
  1,
  1531999533
][
  62,
  54263416,
  3
][
  8,
  -418769132,
  1,
  1531999920
][
  9,
  -418769132,
  0,
  1531999920
][
  8,
  -418769132,
  1,
  1531999929
][
  62,
  54263416,
  3
][
  8,
  -406046142,
  7,
  1532000108
][
  6,
  2000000003,
  193604
][
  80,
  6,
  0
][
  8,
  -469525690,
  7,
  1532000153
][
  62,
  54263416,
  3
][
  80,
  7,
  0
][
  9,
  -446673825,
  1,
  1531999870
][
  8,
  -446673825,
  7,
  1532000170
][
  62,
  54263416,
  3
][
  6,
  2000000003,
  193615
][
  80,
  6,
  0
][
  8,
  -495936462,
  7,
  1532000661
][
  7,
  2000000003,
  193616
][
  8,
  -454497363,
  6,
  1532000726
][
  62,
  54263416,
  2
][
  62,
  54263416,
  2
][
  6,
  2000000002,
  193618
][
  80,
  5,
  0
][
  7,
  2000000002,
  193619
][
  62,
  54263416,
  2
][
  80,
  6,
  0
][
  8,
  -406046142,
  7,
  1532000754
][
  9,
  -329582092,
  1,
  1532000473
][
  62,
  54263416,
  2
][
  6,
  2000000002,
  193623
][
  80,
  5,
  0
][
  7,
  2000000002,
  193624
][
  62,
  54263416,
  2
][
  8,
  -329582092,
  2,
  1532000786
][
  62,
  54263416,
  2
][
  62,
  54263416,
  2
][
  62,
  54263416,
  2
][
  62,
  54263416,
  2
][
  80,
  6,
  0
][
  62,
  54263416,
  2
][
  62,
  54263416,
  2
][
  62,
  54263416,
  2
][
  62,
  54263416,
  2
][
  62,
  54263416,
  2
][
  62,
  54263416,
  2
][
  62,
  54263416,
  2
][
  62,
  54263416,
  2
][
  62,
  54263416,
  2
][
  62,
  54263416,
  2
][
  62,
  54263416,
  2
][
  62,
  54263416,
  2
][
  62,
  54263416,
  2
][
  62,
  54263416,
  2
][
  9,
  -472119224,
  1,
  1532000605
][
  62,
  54263416,
  3
][
  62,
  54263416,
  3
][
  62,
  54263416,
  3
][
  62,
  54263416,
  3
][
  80,
  7,
  0
][
  6,
  2000000003,
  200058
][
  80,
  6,
  0
][
  7,
  2000000003,
  200059
][
  62,
  54263416,
  3
][
  80,
  7,
  0
][
  6,
  2000000003,
  200060
][
  80,
  6,
  0
][
  7,
  2000000003,
  200061
][
  62,
  54263416,
  3
][
  8,
  -54263416,
  7,
  1532393054
][
  80,
  7,
  0
][
  6,
  2000000003,
  200062
][
  80,
  6,
  0
][
  7,
  2000000003,
  200063
][
  62,
  54263416,
  13
][
  6,
  2000000013,
  200064
][
  80,
  5,
  0
][
  7,
  2000000013,
  200065
][
  8,
  -495936462,
  7,
  1532393152
][
  8,
  -448235816,
  4,
  1532393827
][
  7,
  2000000015,
  200067
][
  62,
  54263416,
  15
][
  62,
  54263416,
  15
][
  62,
  54263416,
  15
][
  6,
  2000000015,
  200071
][
  80,
  5,
  0
][
  7,
  2000000015,
  200072
][
  62,
  54263416,
  15
][
  80,
  6,
  0
][
  6,
  2000000015,
  200073
][
  80,
  5,
  0
][
  7,
  2000000015,
  200074
][
  62,
  54263416,
  15
][
  80,
  6,
  0
][
  7,
  2000000015,
  200076
][
  7,
  2000000016,
  200077
][
  62,
  54263416,
  16
][
  80,
  6,
  0
][
  8,
  -329582092,
  2,
  1532394067
][
  62,
  54263416,
  16
][
  62,
  54263416,
  16
][
  80,
  6,
  0
][
  6,
  2000000016,
  200080
][
  80,
  5,
  0
][
  7,
  2000000016,
  200081
][
  62,
  54263416,
  16
][
  80,
  6,
  0
][
  6,
  2000000016,
  200082
][
  80,
  5,
  0
][
  7,
  2000000016,
  200083
][
  62,
  54263416,
  2
][
  62,
  54263416,
  2
][
  6,
  2000000002,
  200102
][
  80,
  4,
  0
][
  7,
  2000000002,
  200103
][
  62,
  54263416,
  2
][
  80,
  5,
  0
][
  62,
  54263416,
  3
][
  62,
  134755646,
  2
][
  80,
  6,
  0
][
  62,
  54263416,
  3
][
  6,
  2000000003,
  200106
][
  80,
  5,
  0
][
  62,
  134755646,
  2
][
  7,
  2000000003,
  200107
][
  62,
  54263416,
  13
][
  62,
  134755646,
  2
][
  80,
  6,
  0
][
  6,
  2000000013,
  200110
][
  80,
  5,
  0
][
  7,
  2000000013,
  200111
][
  62,
  134755646,
  2
][
  62,
  54263416,
  2
][
  62,
  134755646,
  2
][
  62,
  134755646,
  2
][
  6,
  2000000002,
  200113
][
  80,
  4,
  0
][
  8,
  -411640189,
  7,
  1532394706
][
  62,
  54263416,
  2
][
  6,
  2000000002,
  200131
][
  80,
  4,
  0
][
  8,
  -495936462,
  7,
  1532394750
][
  7,
  2000000002,
  200132
][
  62,
  54263416,
  2
][
  62,
  54263416,
  2
][
  80,
  5,
  0
][
  62,
  54263416,
  2
][
  62,
  54263416,
  2
][
  62,
  54263416,
  2
][
  62,
  54263416,
  2
][
  62,
  54263416,
  2
][
  62,
  54263416,
  2
][
  62,
  54263416,
  2
][
  62,
  54263416,
  2
][
  62,
  54263416,
  2
][
  62,
  54263416,
  2
][
  62,
  134755646,
  2
][
  62,
  134755646,
  2
][
  62,
  54263416,
  2
][
  62,
  134755646,
  2
][
  62,
  54263416,
  2
][
  62,
  54263416,
  2
][
  62,
  54263416,
  2
][
  62,
  54263416,
  2
][
  62,
  54263416,
  2
][
  62,
  54263416,
  2
][
  62,
  134755646,
  2
][
  62,
  54263416,
  2
][
  62,
  54263416,
  2
][
  62,
  134755646,
  2
][
  62,
  134755646,
  2
][
  62,
  54263416,
  2
][
  62,
  134755646,
  2
][
  62,
  134755646,
  2
][
  62,
  134755646,
  2
][
  62,
  54263416,
  2
][
  62,
  54263416,
  2
][
  62,
  54263416,
  2
][
  62,
  54263416,
  2
][
  62,
  54263416,
  2
][
  62,
  54263416,
  2
][
  62,
  54263416,
  2
][
  62,
  54263416,
  2
][
  9,
  -329582092,
  1,
  1532394661
][
  62,
  54263416,
  2
][
  8,
  -329582092,
  2,
  1532394962
][
  62,
  54263416,
  2
][
  62,
  54263416,
  2
][
  62,
  54263416,
  2
][
  62,
  54263416,
  2
][
  62,
  54263416,
  2
][
  62,
  54263416,
  2
][
  62,
  54263416,
  2
][
  62,
  54263416,
  2
][
  62,
  54263416,
  2
][
  9,
  -411640189,
  1,
  1532394718
][
  62,
  54263416,
  2
][
  62,
  54263416,
  2
][
  62,
  54263416,
  2
][
  62,
  54263416,
  2
][
  9,
  -495936462,
  1,
  1532394750
][
  62,
  54263416,
  2
][
  8,
  -251985132,
  4,
  1532395053
][
  62,
  54263416,
  2
][
  62,
  54263416,
  2
][
  62,
  54263416,
  2
][
  62,
  54263416,
  2
][
  62,
  54263416,
  2
][
  62,
  54263416,
  2
][
  62,
  54263416,
  2
][
  62,
  54263416,
  2
][
  62,
  54263416,
  2
][
  62,
  54263416,
  2
][
  62,
  54263416,
  2
][
  62,
  54263416,
  2
][
  62,
  54263416,
  2
][
  62,
  54263416,
  2
][
  62,
  54263416,
  2
][
  62,
  54263416,
  2
][
  62,
  54263416,
  2
][
  62,
  134755646,
  2
][
  62,
  54263416,
  2
][
  6,
  2000000002,
  200152
][
  80,
  4,
  0
][
  7,
  2000000002,
  200154
][
  62,
  54263416,
  2
][
  62,
  54263416,
  2
][
  80,
  5,
  0
][
  62,
  134755646,
  2
][
  62,
  54263416,
  3
][
  8,
  -54263416,
  7,
  1532577410
][
  80,
  8,
  0
][
  62,
  54263416,
  3
][
  6,
  2000000003,
  203704
][
  80,
  7,
  0
][
  62,
  251875741,
  2
][
  62,
  251875741,
  2
][
  62,
  251875741,
  2
][
  7,
  2000000003,
  203705
][
  62,
  54263416,
  3
][
  80,
  8,
  0
][
  6,
  2000000003,
  203709
][
  80,
  7,
  0
][
  8,
  -495936462,
  7,
  1532577441
][
  62,
  251875741,
  2
][
  7,
  2000000003,
  203710
][
  8,
  -205352998,
  7,
  1532577464
][
  62,
  54263416,
  2
][
  9,
  -205352998,
  0,
  1532577477
][
  8,
  -205352998,
  7,
  1532577483
][
  9,
  -205352998,
  0,
  1532577487
][
  8,
  -314623555,
  4,
  1532577563
][
  8,
  -454497363,
  1,
  1532577583
][
  8,
  -454497363,
  6,
  1532577617
][
  9,
  -495936462,
  1,
  1532577441
][
  9,
  -251875741,
  1,
  1532577475
][
  62,
  54263416,
  17
][
  8,
  -454497363,
  1,
  1532577793
][
  8,
  -454497363,
  6,
  1532577920
][
  62,
  54263416,
  17
][
  9,
  -314623555,
  1,
  1532577665
][
  8,
  -205352998,
  7,
  1532578040
][
  8,
  -216980989,
  7,
  1532578162
][
  9,
  -54263416,
  1,
  1532577957
][
  9,
  -329582092,
  1,
  1532577957
][
  8,
  -329582092,
  2,
  1532578261
][
  9,
  -205352998,
  1,
  1532578049
][
  8,
  -465214792,
  7,
  1532578415
][
  6,
  2000000002,
  203714
][
  80,
  6,
  0
][
  6,
  2000000017,
  203715
][
  6,
  2000000017,
  203717
][
  80,
  5,
  0
][
  7,
  2000000018,
  203719
][
  8,
  -54263416,
  7,
  1532578805
][
  62,
  54263416,
  18
][
  62,
  54263416,
  18
][
  80,
  6,
  0
][
  62,
  54263416,
  18
][
  6,
  2000000018,
  203722
][
  80,
  5,
  0
][
  7,
  2000000018,
  203723
][
  7,
  2000000002,
  203718
][
  62,
  54263416,
  2
][
  80,
  6,
  0
]